12:18:44 INFO  : Registering command handlers for SDK TCF services
12:18:47 INFO  : Launching XSCT server: xsct.bat -interactive C:\Users\ainol\workspaces\final_work\temp_xsdb_launch_script.tcl
12:18:50 INFO  : XSCT server has started successfully.
12:18:52 INFO  : Successfully done setting XSCT server connection channel  
12:18:52 INFO  : Successfully done setting SDK workspace  
12:22:07 INFO  : Project 'zybo_platform' created. You can now create BSPs and application projects targeting this hardware platform.
12:45:08 INFO  : Registering command handlers for SDK TCF services
12:45:11 INFO  : Launching XSCT server: xsct.bat -interactive C:\Users\ainol\workspaces\final_work\temp_xsdb_launch_script.tcl
12:45:15 INFO  : XSCT server has started successfully.
12:45:16 INFO  : Successfully done setting XSCT server connection channel  
12:45:16 INFO  : Successfully done setting SDK workspace  
13:13:52 INFO  : Connected to target on host '127.0.0.1' and port '3121'.
13:13:52 INFO  : 'targets -set -filter {jtag_cable_name =~ "Digilent Zybo Z7 210351A819DBA" && level==0} -index 1' command is executed.
13:13:53 INFO  : FPGA configured successfully with bitstream "C:/Users/ainol/workspaces/final_work/zybo_platform/system_wrapper.bit"
13:14:05 INFO  : 'targets -set -filter {jtag_cable_name =~ "Digilent Zybo Z7 210351A819DBA" && level==0} -index 1' command is executed.
13:14:05 INFO  : 'fpga -state' command is executed.
13:14:05 INFO  : Connected to target on host '127.0.0.1' and port '3121'.
13:14:05 INFO  : Jtag cable 'Digilent Zybo Z7 210351A819DBA' is selected.
13:14:05 INFO  : 'jtag frequency' command is executed.
13:14:05 INFO  : Sourcing of 'C:/Users/ainol/workspaces/final_work/zybo_platform/ps7_init.tcl' is done.
13:14:06 INFO  : Context for 'APU' is selected.
13:14:06 INFO  : Hardware design information is loaded from 'C:/Users/ainol/workspaces/final_work/zybo_platform/system.hdf'.
13:14:06 INFO  : 'configparams force-mem-access 1' command is executed.
13:14:06 INFO  : Context for 'APU' is selected.
13:14:06 INFO  : 'stop' command is executed.
13:14:07 INFO  : 'ps7_init' command is executed.
13:14:07 INFO  : 'ps7_post_config' command is executed.
13:14:07 INFO  : Context for processor 'ps7_cortexa9_0' is selected.
13:14:07 INFO  : Processor reset is completed for 'ps7_cortexa9_0'.
13:14:07 INFO  : Context for processor 'ps7_cortexa9_0' is selected.
13:14:07 INFO  : The application 'C:/Users/ainol/workspaces/final_work/esp_final_project/Debug/esp_final_project.elf' is downloaded to processor 'ps7_cortexa9_0'.
13:14:07 INFO  : 'configparams force-mem-access 0' command is executed.
13:14:07 INFO  : ----------------XSDB Script----------------
connect -url tcp:127.0.0.1:3121
source C:/Users/ainol/workspaces/final_work/zybo_platform/ps7_init.tcl
targets -set -nocase -filter {name =~"APU*" && jtag_cable_name =~ "Digilent Zybo Z7 210351A819DBA"} -index 0
loadhw -hw C:/Users/ainol/workspaces/final_work/zybo_platform/system.hdf -mem-ranges [list {0x40000000 0xbfffffff}]
configparams force-mem-access 1
targets -set -nocase -filter {name =~"APU*" && jtag_cable_name =~ "Digilent Zybo Z7 210351A819DBA"} -index 0
stop
ps7_init
ps7_post_config
targets -set -nocase -filter {name =~ "ARM*#0" && jtag_cable_name =~ "Digilent Zybo Z7 210351A819DBA"} -index 0
rst -processor
targets -set -nocase -filter {name =~ "ARM*#0" && jtag_cable_name =~ "Digilent Zybo Z7 210351A819DBA"} -index 0
dow C:/Users/ainol/workspaces/final_work/esp_final_project/Debug/esp_final_project.elf
configparams force-mem-access 0
----------------End of Script----------------

13:14:08 INFO  : Memory regions updated for context APU
13:14:08 INFO  : Context for processor 'ps7_cortexa9_0' is selected.
13:14:08 INFO  : 'con' command is executed.
13:14:08 INFO  : ----------------XSDB Script (After Launch)----------------
targets -set -nocase -filter {name =~ "ARM*#0" && jtag_cable_name =~ "Digilent Zybo Z7 210351A819DBA"} -index 0
con
----------------End of Script----------------

13:14:08 INFO  : Launch script is exported to file 'C:\Users\ainol\workspaces\final_work\.sdk\launch_scripts\xilinx_c-c++_application_(system_debugger)\system_debugger_using_debug_esp_final_project.elf_on_local.tcl'
00:35:12 INFO  : Launching XSCT server: xsct.bat -interactive C:\Users\ainol\workspaces\final_work\temp_xsdb_launch_script.tcl
18:50:28 INFO  : Registering command handlers for SDK TCF services
18:50:31 INFO  : Launching XSCT server: xsct.bat -interactive C:\Users\ainol\workspaces\final_work\temp_xsdb_launch_script.tcl
18:50:37 INFO  : XSCT server has started successfully.
18:50:38 INFO  : Successfully done setting XSCT server connection channel  
18:50:38 INFO  : Successfully done setting SDK workspace  
